[debug] [2025-10-03T10:58:53.430Z] ----------------------------------------------------------------------
[debug] [2025-10-03T10:58:53.434Z] Command:       C:\Program Files\nodejs\node.exe C:\Users\ewing\AppData\Roaming\npm\node_modules\firebase-tools\lib\bin\firebase.js init
[debug] [2025-10-03T10:58:53.435Z] CLI Version:   14.18.0
[debug] [2025-10-03T10:58:53.435Z] Platform:      win32
[debug] [2025-10-03T10:58:53.435Z] Node Version:  v22.17.1
[debug] [2025-10-03T10:58:53.436Z] Time:          Fri Oct 03 2025 05:58:53 GMT-0500 (Central Daylight Time)
[debug] [2025-10-03T10:58:53.436Z] ----------------------------------------------------------------------
[debug] 
[debug] [2025-10-03T10:58:53.686Z] > command requires scopes: ["email","openid","https://www.googleapis.com/auth/cloudplatformprojects.readonly","https://www.googleapis.com/auth/firebase","https://www.googleapis.com/auth/cloud-platform"]
[debug] [2025-10-03T10:58:53.687Z] > authorizing via signed-in user (ewing.w.nathan@gmail.com)
[info] 
     ######## #### ########  ######## ########     ###     ######  ########
     ##        ##  ##     ## ##       ##     ##  ##   ##  ##       ##
     ######    ##  ########  ######   ########  #########  ######  ######
     ##        ##  ##    ##  ##       ##     ## ##     ##       ## ##
     ##       #### ##     ## ######## ########  ##     ##  ######  ########

You're about to initialize a Firebase project in this directory:

  C:\Users\ewing\Desktop\taiwanscript\taiwanscript

Before we get started, keep in mind:

  * You are initializing within an existing Firebase project directory

[debug] [2025-10-04T18:44:35.820Z] ExitPromptError: User force closed the prompt with SIGINT
    at Interface.sigint (C:\Users\ewing\AppData\Roaming\npm\node_modules\firebase-tools\node_modules\@inquirer\core\dist\commonjs\lib\create-prompt.js:101:37)
    at Interface.emit (node:events:518:28)
    at Interface.emit (node:domain:489:12)
    at [_ttyWrite] [as _ttyWrite] (node:internal/readline/interface:1132:18)
    at ReadStream.onkeypress (node:internal/readline/interface:271:20)
    at ReadStream.emit (node:events:530:35)
    at ReadStream.emit (node:domain:489:12)
    at emitKeys (node:internal/readline/utils:370:14)
    at emitKeys.next (<anonymous>)
    at ReadStream.onData (node:internal/readline/emitKeypressEvents:64:36)
[error] 
[error] Error: An unexpected error has occurred.
